==> Starting Consul agent...
               Version: '1.18.1'
            Build Date: '2024-03-26 21:59:08 +0000 UTC'
               Node ID: 'e82c75c8-588e-cc12-c418-b765d5f6c829'
             Node name: 'main'
            Datacenter: 'dc1' (Segment: '<all>')
                Server: true (Bootstrap: true)
           Client Addr: [0.0.0.0] (HTTP: 8500, HTTPS: -1, gRPC: 8502, gRPC-TLS: 8503, DNS: 8600)
          Cluster Addr: 192.168.1.37 (LAN: 8301, WAN: 8302)
     Gossip Encryption: false
      Auto-Encrypt-TLS: false
           ACL Enabled: false
     Reporting Enabled: false
    ACL Default Policy: allow
             HTTPS TLS: Verify Incoming: false, Verify Outgoing: false, Min Version: TLSv1_2
              gRPC TLS: Verify Incoming: false, Min Version: TLSv1_2
      Internal RPC TLS: Verify Incoming: false, Verify Outgoing: false (Verify Hostname: false), Min Version: TLSv1_2

==> Log data will now stream in as it occurs:

2026-02-03T21:20:18.994+0530 [WARN]  agent: BootstrapExpect is set to 1; this is the same as Bootstrap mode.
2026-02-03T21:20:18.994+0530 [WARN]  agent: bootstrap = true: do not enable unless necessary
2026-02-03T21:20:19.040+0530 [WARN]  agent.auto_config: BootstrapExpect is set to 1; this is the same as Bootstrap mode.
2026-02-03T21:20:19.040+0530 [WARN]  agent.auto_config: bootstrap = true: do not enable unless necessary
2026-02-03T21:20:19.063+0530 [INFO]  agent.server.raft: initial configuration: index=1 servers="[{Suffrage:Voter ID:e82c75c8-588e-cc12-c418-b765d5f6c829 Address:192.168.1.37:8300}]"
2026-02-03T21:20:19.064+0530 [INFO]  agent.server.raft: entering follower state: follower="Node at 192.168.1.37:8300 [Follower]" leader-address= leader-id=
2026-02-03T21:20:19.066+0530 [INFO]  agent.server.serf.wan: serf: EventMemberJoin: main.dc1 192.168.1.37
2026-02-03T21:20:19.066+0530 [WARN]  agent.server.serf.wan: serf: Failed to re-join any previously known node
2026-02-03T21:20:19.066+0530 [INFO]  agent.server.serf.lan: serf: EventMemberJoin: main 192.168.1.37
2026-02-03T21:20:19.066+0530 [INFO]  agent.router: Initializing LAN area manager
2026-02-03T21:20:19.066+0530 [WARN]  agent.server.serf.lan: serf: Failed to re-join any previously known node
2026-02-03T21:20:19.068+0530 [INFO]  agent.server: Adding LAN server: server="main (Addr: tcp/192.168.1.37:8300) (DC: dc1)"
2026-02-03T21:20:19.068+0530 [INFO]  agent.server: Handled event for server in area: event=member-join server=main.dc1 area=wan
2026-02-03T21:20:19.068+0530 [INFO]  agent.server.autopilot: reconciliation now disabled
2026-02-03T21:20:19.069+0530 [INFO]  agent.server.cert-manager: initialized server certificate management
2026-02-03T21:20:19.076+0530 [INFO]  agent: Started DNS server: address=0.0.0.0:8600 network=udp
2026-02-03T21:20:19.077+0530 [INFO]  agent: Started DNS server: address=0.0.0.0:8600 network=tcp
2026-02-03T21:20:19.077+0530 [INFO]  agent.http: Registered resource endpoint: endpoint=/api/demo/v1/artist
2026-02-03T21:20:19.077+0530 [INFO]  agent.http: Registered resource endpoint: endpoint=/api/mesh/v2beta1/proxystatetemplate
2026-02-03T21:20:19.077+0530 [INFO]  agent.http: Registered resource endpoint: endpoint=/api/demo/v1/executive
2026-02-03T21:20:19.077+0530 [INFO]  agent.http: Registered resource endpoint: endpoint=/api/demo/v1/concept
2026-02-03T21:20:19.077+0530 [INFO]  agent.http: Registered resource endpoint: endpoint=/api/mesh/v2beta1/proxyconfiguration
2026-02-03T21:20:19.077+0530 [INFO]  agent.http: Registered resource endpoint: endpoint=/api/mesh/v2beta1/destinations
2026-02-03T21:20:19.077+0530 [INFO]  agent.http: Registered resource endpoint: endpoint=/api/mesh/v2beta1/computedroutes
2026-02-03T21:20:19.077+0530 [INFO]  agent.http: Registered resource endpoint: endpoint=/api/auth/v2beta1/trafficpermissions
2026-02-03T21:20:19.077+0530 [INFO]  agent.http: Registered resource endpoint: endpoint=/api/mesh/v2beta1/httproute
2026-02-03T21:20:19.077+0530 [INFO]  agent.http: Registered resource endpoint: endpoint=/api/catalog/v2beta1/service
2026-02-03T21:20:19.077+0530 [INFO]  agent.http: Registered resource endpoint: endpoint=/api/catalog/v2beta1/computedfailoverpolicy
2026-02-03T21:20:19.077+0530 [INFO]  agent.http: Registered resource endpoint: endpoint=/api/auth/v2beta1/partitiontrafficpermissions
2026-02-03T21:20:19.077+0530 [INFO]  agent.http: Registered resource endpoint: endpoint=/api/multicluster/v2/partitionexportedservices
2026-02-03T21:20:19.077+0530 [INFO]  agent.http: Registered resource endpoint: endpoint=/api/internal/v1/tombstone
2026-02-03T21:20:19.077+0530 [INFO]  agent.http: Registered resource endpoint: endpoint=/api/demo/v2/album
2026-02-03T21:20:19.077+0530 [INFO]  agent.http: Registered resource endpoint: endpoint=/api/mesh/v2beta1/computedimplicitdestinations
2026-02-03T21:20:19.077+0530 [INFO]  agent.http: Registered resource endpoint: endpoint=/api/demo/v1/album
2026-02-03T21:20:19.077+0530 [INFO]  agent.http: Registered resource endpoint: endpoint=/api/catalog/v2beta1/nodehealthstatus
2026-02-03T21:20:19.077+0530 [INFO]  agent.http: Registered resource endpoint: endpoint=/api/auth/v2beta1/namespacetrafficpermissions
2026-02-03T21:20:19.077+0530 [INFO]  agent.http: Registered resource endpoint: endpoint=/api/hcp/v2/link
2026-02-03T21:20:19.077+0530 [INFO]  agent.http: Registered resource endpoint: endpoint=/api/demo/v2/artist
2026-02-03T21:20:19.077+0530 [INFO]  agent.http: Registered resource endpoint: endpoint=/api/mesh/v2beta1/grpcroute
2026-02-03T21:20:19.077+0530 [INFO]  agent.http: Registered resource endpoint: endpoint=/api/catalog/v2beta1/failoverpolicy
2026-02-03T21:20:19.077+0530 [INFO]  agent.http: Registered resource endpoint: endpoint=/api/auth/v2beta1/workloadidentity
2026-02-03T21:20:19.077+0530 [INFO]  agent.http: Registered resource endpoint: endpoint=/api/tenancy/v2beta1/namespace
2026-02-03T21:20:19.077+0530 [INFO]  agent.http: Registered resource endpoint: endpoint=/api/multicluster/v2/exportedservices
2026-02-03T21:20:19.077+0530 [INFO]  agent.http: Registered resource endpoint: endpoint=/api/multicluster/v2/computedexportedservices
2026-02-03T21:20:19.077+0530 [INFO]  agent.http: Registered resource endpoint: endpoint=/api/demo/v1/recordlabel
2026-02-03T21:20:19.077+0530 [INFO]  agent.http: Registered resource endpoint: endpoint=/api/mesh/v2beta1/computedexplicitdestinations
2026-02-03T21:20:19.077+0530 [INFO]  agent.http: Registered resource endpoint: endpoint=/api/mesh/v2beta1/tcproute
2026-02-03T21:20:19.077+0530 [INFO]  agent.http: Registered resource endpoint: endpoint=/api/mesh/v2beta1/meshconfiguration
2026-02-03T21:20:19.077+0530 [INFO]  agent.http: Registered resource endpoint: endpoint=/api/catalog/v2beta1/workload
2026-02-03T21:20:19.077+0530 [INFO]  agent.http: Registered resource endpoint: endpoint=/api/catalog/v2beta1/serviceendpoints
2026-02-03T21:20:19.077+0530 [INFO]  agent.http: Registered resource endpoint: endpoint=/api/catalog/v2beta1/healthstatus
2026-02-03T21:20:19.077+0530 [INFO]  agent.http: Registered resource endpoint: endpoint=/api/auth/v2beta1/computedtrafficpermissions
2026-02-03T21:20:19.077+0530 [INFO]  agent.http: Registered resource endpoint: endpoint=/api/mesh/v2beta1/computedproxyconfiguration
2026-02-03T21:20:19.077+0530 [INFO]  agent.http: Registered resource endpoint: endpoint=/api/mesh/v2beta1/destinationpolicy
2026-02-03T21:20:19.077+0530 [INFO]  agent.http: Registered resource endpoint: endpoint=/api/mesh/v2beta1/meshgateway
2026-02-03T21:20:19.077+0530 [INFO]  agent.http: Registered resource endpoint: endpoint=/api/catalog/v2beta1/node
2026-02-03T21:20:19.077+0530 [INFO]  agent.http: Registered resource endpoint: endpoint=/api/multicluster/v2/namespaceexportedservices
2026-02-03T21:20:19.077+0530 [INFO]  agent.http: Registered resource endpoint: endpoint=/api/hcp/v2/telemetrystate
2026-02-03T21:20:19.078+0530 [INFO]  agent.http: Registered resource endpoint: endpoint=/api/multicluster/v2/computedexportedservices
2026-02-03T21:20:19.078+0530 [INFO]  agent.http: Registered resource endpoint: endpoint=/api/demo/v2/artist
2026-02-03T21:20:19.078+0530 [INFO]  agent.http: Registered resource endpoint: endpoint=/api/mesh/v2beta1/grpcroute
2026-02-03T21:20:19.078+0530 [INFO]  agent.http: Registered resource endpoint: endpoint=/api/catalog/v2beta1/failoverpolicy
2026-02-03T21:20:19.078+0530 [INFO]  agent.http: Registered resource endpoint: endpoint=/api/auth/v2beta1/workloadidentity
2026-02-03T21:20:19.078+0530 [INFO]  agent.http: Registered resource endpoint: endpoint=/api/tenancy/v2beta1/namespace
2026-02-03T21:20:19.078+0530 [INFO]  agent.http: Registered resource endpoint: endpoint=/api/multicluster/v2/exportedservices
2026-02-03T21:20:19.078+0530 [INFO]  agent.http: Registered resource endpoint: endpoint=/api/catalog/v2beta1/healthstatus
2026-02-03T21:20:19.078+0530 [INFO]  agent.http: Registered resource endpoint: endpoint=/api/auth/v2beta1/computedtrafficpermissions
2026-02-03T21:20:19.078+0530 [INFO]  agent.http: Registered resource endpoint: endpoint=/api/demo/v1/recordlabel
2026-02-03T21:20:19.078+0530 [INFO]  agent.http: Registered resource endpoint: endpoint=/api/mesh/v2beta1/computedexplicitdestinations
2026-02-03T21:20:19.078+0530 [INFO]  agent.http: Registered resource endpoint: endpoint=/api/mesh/v2beta1/tcproute
2026-02-03T21:20:19.078+0530 [INFO]  agent.http: Registered resource endpoint: endpoint=/api/mesh/v2beta1/meshconfiguration
2026-02-03T21:20:19.078+0530 [INFO]  agent.http: Registered resource endpoint: endpoint=/api/catalog/v2beta1/workload
2026-02-03T21:20:19.078+0530 [INFO]  agent.http: Registered resource endpoint: endpoint=/api/catalog/v2beta1/serviceendpoints
2026-02-03T21:20:19.078+0530 [INFO]  agent.http: Registered resource endpoint: endpoint=/api/mesh/v2beta1/computedproxyconfiguration
2026-02-03T21:20:19.078+0530 [INFO]  agent.http: Registered resource endpoint: endpoint=/api/mesh/v2beta1/destinationpolicy
2026-02-03T21:20:19.078+0530 [INFO]  agent.http: Registered resource endpoint: endpoint=/api/mesh/v2beta1/meshgateway
2026-02-03T21:20:19.078+0530 [INFO]  agent.http: Registered resource endpoint: endpoint=/api/catalog/v2beta1/node
2026-02-03T21:20:19.078+0530 [INFO]  agent.http: Registered resource endpoint: endpoint=/api/multicluster/v2/namespaceexportedservices
2026-02-03T21:20:19.078+0530 [INFO]  agent.http: Registered resource endpoint: endpoint=/api/hcp/v2/telemetrystate
2026-02-03T21:20:19.078+0530 [INFO]  agent.http: Registered resource endpoint: endpoint=/api/demo/v1/artist
2026-02-03T21:20:19.078+0530 [INFO]  agent.http: Registered resource endpoint: endpoint=/api/mesh/v2beta1/proxystatetemplate
2026-02-03T21:20:19.078+0530 [INFO]  agent.http: Registered resource endpoint: endpoint=/api/demo/v1/executive
2026-02-03T21:20:19.078+0530 [INFO]  agent.http: Registered resource endpoint: endpoint=/api/demo/v1/concept
2026-02-03T21:20:19.078+0530 [INFO]  agent.http: Registered resource endpoint: endpoint=/api/mesh/v2beta1/proxyconfiguration
2026-02-03T21:20:19.078+0530 [INFO]  agent.http: Registered resource endpoint: endpoint=/api/mesh/v2beta1/destinations
2026-02-03T21:20:19.078+0530 [INFO]  agent.http: Registered resource endpoint: endpoint=/api/mesh/v2beta1/computedroutes
2026-02-03T21:20:19.078+0530 [INFO]  agent.http: Registered resource endpoint: endpoint=/api/auth/v2beta1/trafficpermissions
2026-02-03T21:20:19.078+0530 [INFO]  agent.http: Registered resource endpoint: endpoint=/api/mesh/v2beta1/httproute
2026-02-03T21:20:19.078+0530 [INFO]  agent.http: Registered resource endpoint: endpoint=/api/catalog/v2beta1/service
2026-02-03T21:20:19.078+0530 [INFO]  agent.http: Registered resource endpoint: endpoint=/api/catalog/v2beta1/computedfailoverpolicy
2026-02-03T21:20:19.078+0530 [INFO]  agent.http: Registered resource endpoint: endpoint=/api/auth/v2beta1/partitiontrafficpermissions
2026-02-03T21:20:19.078+0530 [INFO]  agent.http: Registered resource endpoint: endpoint=/api/multicluster/v2/partitionexportedservices
2026-02-03T21:20:19.078+0530 [INFO]  agent.http: Registered resource endpoint: endpoint=/api/internal/v1/tombstone
2026-02-03T21:20:19.078+0530 [INFO]  agent.http: Registered resource endpoint: endpoint=/api/demo/v2/album
2026-02-03T21:20:19.078+0530 [INFO]  agent.http: Registered resource endpoint: endpoint=/api/mesh/v2beta1/computedimplicitdestinations
2026-02-03T21:20:19.078+0530 [INFO]  agent.http: Registered resource endpoint: endpoint=/api/demo/v1/album
2026-02-03T21:20:19.078+0530 [INFO]  agent.http: Registered resource endpoint: endpoint=/api/catalog/v2beta1/nodehealthstatus
2026-02-03T21:20:19.078+0530 [INFO]  agent.http: Registered resource endpoint: endpoint=/api/auth/v2beta1/namespacetrafficpermissions
2026-02-03T21:20:19.078+0530 [INFO]  agent.http: Registered resource endpoint: endpoint=/api/hcp/v2/link
2026-02-03T21:20:19.078+0530 [INFO]  agent: Starting server: address=[::]:8500 network=tcp protocol=http
2026-02-03T21:20:19.078+0530 [INFO]  agent: Starting server: address=scada::core_api network=scada protocol=http
2026-02-03T21:20:19.078+0530 [INFO]  agent: Started gRPC listeners: port_name=grpc address=[::]:8502 network=tcp
2026-02-03T21:20:19.078+0530 [INFO]  agent: Started gRPC listeners: port_name=grpc_tls address=[::]:8503 network=tcp
2026-02-03T21:20:19.078+0530 [ERROR] agent.proxycfg: Failed to handle update from watch: kind=connect-proxy proxy=_nomad-task-b1af95a9-0135-d130-49ac-3b761ccbbdc9-group-postgres-care-postgres-5432-sidecar-proxy service_id=_nomad-task-b1af95a9-0135-d130-49ac-3b761ccbbdc9-group-postgres-care-postgres-5432-sidecar-proxy id=peering-trust-bundles error="error filling agent cache: failed to list all discovery chains referring to \"care-postgres\": failed to fetch discovery chain for \"care-postgres\": no cluster ca config setup"
2026-02-03T21:20:19.079+0530 [INFO]  agent: started state syncer
2026-02-03T21:20:19.079+0530 [INFO]  agent: Consul agent running!
2026-02-03T21:20:19.366+0530 [WARN]  agent: Check is now critical: check=_nomad-check-2b24ad54c9378391ff497fc81f6a9d469f4555b9
2026-02-03T21:20:19.899+0530 [WARN]  agent: Check TCP connection failed: check=_nomad-check-f82acb6052e15bd6c8f94ecd5cd5431032b1f3ea error="dial tcp 0.0.0.0:4648: connect: connection refused"
2026-02-03T21:20:19.899+0530 [WARN]  agent: Check is now critical: check=_nomad-check-f82acb6052e15bd6c8f94ecd5cd5431032b1f3ea
2026-02-03T21:20:20.465+0530 [WARN]  agent: Check TCP connection failed: check=_nomad-check-36c33e07eb17055f11ead9a8d8930afb4fd84419 error="dial tcp 0.0.0.0:4647: connect: connection refused"
2026-02-03T21:20:20.465+0530 [WARN]  agent: Check is now critical: check=_nomad-check-36c33e07eb17055f11ead9a8d8930afb4fd84419
2026-02-03T21:20:26.548+0530 [WARN]  agent: Check is now critical: check=_nomad-check-3c3b353a242de322dd850021dbbfa55927a95191
2026-02-03T21:20:27.746+0530 [INFO]  agent: Newer Consul version available: new_version=1.22.3 current_version=1.18.1
2026-02-03T21:20:27.798+0530 [WARN]  agent.server.raft: heartbeat timeout reached, starting election: last-leader-addr= last-leader-id=
2026-02-03T21:20:27.798+0530 [INFO]  agent.server.raft: entering candidate state: node="Node at 192.168.1.37:8300 [Candidate]" term=3
2026-02-03T21:20:27.805+0530 [INFO]  agent.server.raft: election won: term=3 tally=1
2026-02-03T21:20:27.805+0530 [INFO]  agent.server.raft: entering leader state: leader="Node at 192.168.1.37:8300 [Leader]"
2026-02-03T21:20:27.805+0530 [INFO]  agent.server: cluster leadership acquired
2026-02-03T21:20:27.805+0530 [INFO]  agent.server: New leader elected: payload=main
2026-02-03T21:20:27.841+0530 [INFO]  agent.server.autopilot: reconciliation now enabled
2026-02-03T21:20:27.842+0530 [INFO]  agent.leader: started routine: routine="federation state anti-entropy"
2026-02-03T21:20:27.842+0530 [INFO]  agent.leader: started routine: routine="federation state pruning"
2026-02-03T21:20:27.842+0530 [INFO]  agent.leader: started routine: routine="streaming peering resources"
2026-02-03T21:20:27.842+0530 [INFO]  agent.leader: started routine: routine="metrics for streaming peering resources"
2026-02-03T21:20:27.842+0530 [INFO]  agent.leader: started routine: routine="peering deferred deletion"
2026-02-03T21:20:27.842+0530 [INFO]  connect.ca: initialized primary datacenter CA from existing CARoot with provider: provider=consul
2026-02-03T21:20:27.842+0530 [INFO]  agent.leader: started routine: routine="intermediate cert renew watch"
2026-02-03T21:20:27.842+0530 [INFO]  agent.leader: started routine: routine="CA root pruning"
2026-02-03T21:20:27.843+0530 [INFO]  agent.leader: started routine: routine="CA root expiration metric"
2026-02-03T21:20:27.843+0530 [INFO]  agent.leader: started routine: routine="CA signing expiration metric"
2026-02-03T21:20:27.843+0530 [INFO]  agent.leader: started routine: routine="virtual IP version check"
2026-02-03T21:20:27.843+0530 [INFO]  agent.leader: started routine: routine="config entry controllers"
2026-02-03T21:20:27.843+0530 [INFO]  agent.leader: stopping routine: routine="virtual IP version check"
2026-02-03T21:20:27.843+0530 [INFO]  agent.leader: stopped routine: routine="virtual IP version check"
2026-02-03T21:20:28.706+0530 [INFO]  agent: Synced node info
2026-02-03T21:20:28.711+0530 [INFO]  agent: Synced check: check=service:_nomad-task-b1af95a9-0135-d130-49ac-3b761ccbbdc9-group-postgres-care-postgres-5432-sidecar-proxy:1
2026-02-03T21:20:28.719+0530 [INFO]  agent: Synced check: check=service:_nomad-task-b1af95a9-0135-d130-49ac-3b761ccbbdc9-group-postgres-care-postgres-5432-sidecar-proxy:2
2026-02-03T21:20:28.724+0530 [INFO]  agent: Synced check: check=_nomad-check-36c33e07eb17055f11ead9a8d8930afb4fd84419
2026-02-03T21:20:28.727+0530 [INFO]  agent: Synced check: check=_nomad-check-f82acb6052e15bd6c8f94ecd5cd5431032b1f3ea
2026-02-03T21:20:28.731+0530 [INFO]  agent: Synced check: check=_nomad-check-2b24ad54c9378391ff497fc81f6a9d469f4555b9
2026-02-03T21:20:28.737+0530 [INFO]  agent: Synced check: check=_nomad-check-3c3b353a242de322dd850021dbbfa55927a95191
2026-02-03T21:20:29.070+0530 [ERROR] agent.server.autopilot: Failed to reconcile current state with the desired state
2026-02-03T21:20:29.367+0530 [WARN]  agent: Check is now critical: check=_nomad-check-2b24ad54c9378391ff497fc81f6a9d469f4555b9
2026-02-03T21:20:30.205+0530 [INFO]  agent: Synced check: check=_nomad-check-f82acb6052e15bd6c8f94ecd5cd5431032b1f3ea
2026-02-03T21:20:30.489+0530 [INFO]  agent: Synced check: check=_nomad-check-36c33e07eb17055f11ead9a8d8930afb4fd84419
2026-02-03T21:20:32.822+0530 [INFO]  agent: Synced service: service=_nomad-task-b1af95a9-0135-d130-49ac-3b761ccbbdc9-group-postgres-care-postgres-5432-sidecar-proxy
2026-02-03T21:20:36.550+0530 [WARN]  agent: Check is now critical: check=_nomad-check-3c3b353a242de322dd850021dbbfa55927a95191
2026-02-03T21:20:37.437+0530 [INFO]  agent: Synced check: check=service:_nomad-task-b1af95a9-0135-d130-49ac-3b761ccbbdc9-group-postgres-care-postgres-5432-sidecar-proxy:1
2026-02-03T21:20:38.258+0530 [ERROR] agent.http: Request error: method=GET url=/v1/acl/token/self from=127.0.0.1:36690 error="ACL support disabled"
2026-02-03T21:20:38.261+0530 [ERROR] agent.http: Request error: method=GET url=/v1/config/proxy-defaults/global from=127.0.0.1:36690 error="Config entry not found for \"proxy-defaults\" / \"global\""
2026-02-03T21:20:39.389+0530 [INFO]  agent: Synced check: check=_nomad-check-2b24ad54c9378391ff497fc81f6a9d469f4555b9
2026-02-03T21:20:46.556+0530 [INFO]  agent: Synced check: check=_nomad-check-3c3b353a242de322dd850021dbbfa55927a95191
2026-02-03T21:21:15.063+0530 [INFO]  agent: Deregistered service: service=_nomad-task-b1af95a9-0135-d130-49ac-3b761ccbbdc9-group-postgres-care-postgres-5432-sidecar-proxy
2026-02-03T21:21:15.079+0530 [INFO]  agent: Deregistered service: service=_nomad-task-b1af95a9-0135-d130-49ac-3b761ccbbdc9-group-postgres-care-postgres-5432
2026-02-03T21:21:20.968+0530 [ERROR] agent.envoy: Error receiving new DeltaDiscoveryRequest; closing request channel: error="rpc error: code = Canceled desc = context canceled"
2026-02-03T21:21:22.632+0530 [INFO]  agent: Synced service: service=_nomad-task-d186585c-4cad-a85f-29fe-15e3f8abd9e2-group-postgres-care-postgres-db
2026-02-03T21:21:31.712+0530 [INFO]  agent: Synced check: check=_nomad-check-a9e632d763f6dac46140225102fe2a8a0d7592c5
2026-02-03T21:21:52.599+0530 [INFO]  agent: Deregistered service: service=_nomad-task-441f6203-3bf8-288d-eddc-7ab07a5dcf99-redis-care-redis-redis
2026-02-03T21:21:55.272+0530 [INFO]  agent: Synced service: service=_nomad-task-64ebc2fd-bdc6-a2dd-11b6-67261153a7d5-redis-care-redis-redis
2026-02-03T21:21:57.576+0530 [INFO]  agent: Synced check: check=_nomad-check-317880b28a1d5b7cf6b043560328dd4e7ac8d3bb
2026-02-03T21:24:23.066+0530 [INFO]  agent: Synced service: service=_nomad-task-3483b33b-8597-cd72-f551-02db85a0a158-group-backend-care-backend-http
2026-02-03T21:24:29.690+0530 [WARN]  agent: Check TCP connection failed: check=_nomad-check-05271cccd5ac8fdfeb2bfc6adf50972f9e066fbc error="dial tcp 192.168.1.37:9000: connect: connection refused"
2026-02-03T21:24:29.690+0530 [WARN]  agent: Check is now critical: check=_nomad-check-05271cccd5ac8fdfeb2bfc6adf50972f9e066fbc
2026-02-03T21:24:31.738+0530 [WARN]  agent: Check is now critical: check=_nomad-check-23074ce31512d7f08d2b58a5e4e2a276a904cdea
2026-02-03T21:24:39.695+0530 [WARN]  agent: Check TCP connection failed: check=_nomad-check-05271cccd5ac8fdfeb2bfc6adf50972f9e066fbc error="dial tcp 192.168.1.37:9000: connect: connection refused"
2026-02-03T21:24:39.695+0530 [WARN]  agent: Check is now critical: check=_nomad-check-05271cccd5ac8fdfeb2bfc6adf50972f9e066fbc
2026-02-03T21:24:46.739+0530 [WARN]  agent: Check is now critical: check=_nomad-check-23074ce31512d7f08d2b58a5e4e2a276a904cdea
2026-02-03T21:24:49.696+0530 [WARN]  agent: Check TCP connection failed: check=_nomad-check-05271cccd5ac8fdfeb2bfc6adf50972f9e066fbc error="dial tcp 192.168.1.37:9000: connect: connection refused"
2026-02-03T21:24:49.696+0530 [WARN]  agent: Check is now critical: check=_nomad-check-05271cccd5ac8fdfeb2bfc6adf50972f9e066fbc
2026-02-03T21:24:59.698+0530 [WARN]  agent: Check TCP connection failed: check=_nomad-check-05271cccd5ac8fdfeb2bfc6adf50972f9e066fbc error="dial tcp 192.168.1.37:9000: connect: connection refused"
2026-02-03T21:24:59.701+0530 [WARN]  agent: Check is now critical: check=_nomad-check-05271cccd5ac8fdfeb2bfc6adf50972f9e066fbc
2026-02-03T21:25:01.741+0530 [WARN]  agent: Check is now critical: check=_nomad-check-23074ce31512d7f08d2b58a5e4e2a276a904cdea
2026-02-03T21:25:09.703+0530 [WARN]  agent: Check TCP connection failed: check=_nomad-check-05271cccd5ac8fdfeb2bfc6adf50972f9e066fbc error="dial tcp 192.168.1.37:9000: connect: connection refused"
2026-02-03T21:25:09.703+0530 [WARN]  agent: Check is now critical: check=_nomad-check-05271cccd5ac8fdfeb2bfc6adf50972f9e066fbc
2026-02-03T21:25:16.742+0530 [WARN]  agent: Check is now critical: check=_nomad-check-23074ce31512d7f08d2b58a5e4e2a276a904cdea
2026-02-03T21:25:19.704+0530 [WARN]  agent: Check TCP connection failed: check=_nomad-check-05271cccd5ac8fdfeb2bfc6adf50972f9e066fbc error="dial tcp 192.168.1.37:9000: connect: connection refused"
2026-02-03T21:25:19.704+0530 [WARN]  agent: Check is now critical: check=_nomad-check-05271cccd5ac8fdfeb2bfc6adf50972f9e066fbc
2026-02-03T21:25:29.707+0530 [WARN]  agent: Check TCP connection failed: check=_nomad-check-05271cccd5ac8fdfeb2bfc6adf50972f9e066fbc error="dial tcp 192.168.1.37:9000: connect: connection refused"
2026-02-03T21:25:29.707+0530 [WARN]  agent: Check is now critical: check=_nomad-check-05271cccd5ac8fdfeb2bfc6adf50972f9e066fbc
2026-02-03T21:25:31.743+0530 [WARN]  agent: Check is now critical: check=_nomad-check-23074ce31512d7f08d2b58a5e4e2a276a904cdea
2026-02-03T21:25:39.708+0530 [WARN]  agent: Check TCP connection failed: check=_nomad-check-05271cccd5ac8fdfeb2bfc6adf50972f9e066fbc error="dial tcp 192.168.1.37:9000: connect: connection refused"
2026-02-03T21:25:39.708+0530 [WARN]  agent: Check is now critical: check=_nomad-check-05271cccd5ac8fdfeb2bfc6adf50972f9e066fbc
2026-02-03T21:25:46.744+0530 [WARN]  agent: Check is now critical: check=_nomad-check-23074ce31512d7f08d2b58a5e4e2a276a904cdea
2026-02-03T21:25:49.709+0530 [WARN]  agent: Check TCP connection failed: check=_nomad-check-05271cccd5ac8fdfeb2bfc6adf50972f9e066fbc error="dial tcp 192.168.1.37:9000: connect: connection refused"
2026-02-03T21:25:49.709+0530 [WARN]  agent: Check is now critical: check=_nomad-check-05271cccd5ac8fdfeb2bfc6adf50972f9e066fbc
2026-02-03T21:25:59.711+0530 [WARN]  agent: Check TCP connection failed: check=_nomad-check-05271cccd5ac8fdfeb2bfc6adf50972f9e066fbc error="dial tcp 192.168.1.37:9000: connect: connection refused"
2026-02-03T21:25:59.711+0530 [WARN]  agent: Check is now critical: check=_nomad-check-05271cccd5ac8fdfeb2bfc6adf50972f9e066fbc
2026-02-03T21:26:06.752+0530 [WARN]  agent: Check is now critical: check=_nomad-check-23074ce31512d7f08d2b58a5e4e2a276a904cdea
2026-02-03T21:26:09.713+0530 [WARN]  agent: Check passed but has not reached success threshold: check=_nomad-check-05271cccd5ac8fdfeb2bfc6adf50972f9e066fbc status=passing success_count=1 success_threshold=2
2026-02-03T21:26:19.733+0530 [INFO]  agent: Synced check: check=_nomad-check-05271cccd5ac8fdfeb2bfc6adf50972f9e066fbc
2026-02-03T21:26:26.757+0530 [WARN]  agent: Check is now critical: check=_nomad-check-23074ce31512d7f08d2b58a5e4e2a276a904cdea
2026-02-03T21:26:46.762+0530 [WARN]  agent: Check is now critical: check=_nomad-check-23074ce31512d7f08d2b58a5e4e2a276a904cdea
2026-02-03T21:27:06.765+0530 [WARN]  agent: Check is now critical: check=_nomad-check-23074ce31512d7f08d2b58a5e4e2a276a904cdea
2026-02-03T21:27:26.769+0530 [WARN]  agent: Check is now critical: check=_nomad-check-23074ce31512d7f08d2b58a5e4e2a276a904cdea
2026-02-03T21:27:46.773+0530 [WARN]  agent: Check is now critical: check=_nomad-check-23074ce31512d7f08d2b58a5e4e2a276a904cdea
2026-02-03T21:28:06.775+0530 [WARN]  agent: Check is now critical: check=_nomad-check-23074ce31512d7f08d2b58a5e4e2a276a904cdea
2026-02-03T21:28:26.776+0530 [WARN]  agent: Check is now critical: check=_nomad-check-23074ce31512d7f08d2b58a5e4e2a276a904cdea
2026-02-03T21:28:40.447+0530 [INFO]  agent: Deregistered check: check=_nomad-check-23074ce31512d7f08d2b58a5e4e2a276a904cdea
2026-02-03T21:31:49.533+0530 [INFO]  agent: Deregistered service: service=_nomad-task-3483b33b-8597-cd72-f551-02db85a0a158-group-backend-care-backend-http
2026-02-03T21:31:50.618+0530 [INFO]  agent: Deregistered service: service=_nomad-task-64ebc2fd-bdc6-a2dd-11b6-67261153a7d5-redis-care-redis-redis
2026-02-03T21:31:52.058+0530 [INFO]  agent: Deregistered service: service=_nomad-task-d186585c-4cad-a85f-29fe-15e3f8abd9e2-group-postgres-care-postgres-db
